TN:
SF:preferences.js
FN:2,(anonymous_0)
FN:14,loadUserInfo
FN:20,loadSecurityStatus
FN:52,setupEventListeners
FN:62,rotateClipboardKey
FN:84,rotateJWTSecret
FN:105,initHotkeyManagement
FN:118,handleKeydown
FN:149,(anonymous_8)
FN:152,(anonymous_9)
FN:167,(anonymous_10)
FN:191,(anonymous_11)
FN:205,(anonymous_12)
FN:211,handleKeydown
FN:231,(anonymous_14)
FN:233,(anonymous_15)
FN:241,(anonymous_16)
FN:261,(anonymous_17)
FNF:18
FNH:6
FNDA:0,(anonymous_0)
FNDA:0,loadUserInfo
FNDA:0,loadSecurityStatus
FNDA:0,setupEventListeners
FNDA:0,rotateClipboardKey
FNDA:0,rotateJWTSecret
FNDA:0,initHotkeyManagement
FNDA:0,handleKeydown
FNDA:0,(anonymous_8)
FNDA:0,(anonymous_9)
FNDA:0,(anonymous_10)
FNDA:0,(anonymous_11)
FNDA:4,(anonymous_12)
FNDA:2,handleKeydown
FNDA:8,(anonymous_14)
FNDA:4,(anonymous_15)
FNDA:1,(anonymous_16)
FNDA:1,(anonymous_17)
DA:2,1
DA:3,0
DA:4,0
DA:5,0
DA:8,0
DA:9,0
DA:10,0
DA:15,0
DA:16,0
DA:21,0
DA:23,0
DA:24,0
DA:26,0
DA:42,0
DA:43,0
DA:54,0
DA:55,0
DA:58,0
DA:63,0
DA:68,0
DA:70,0
DA:71,0
DA:73,0
DA:74,0
DA:75,0
DA:76,0
DA:78,0
DA:79,0
DA:85,0
DA:90,0
DA:92,0
DA:93,0
DA:94,0
DA:97,0
DA:99,0
DA:100,0
DA:106,0
DA:107,0
DA:108,0
DA:109,0
DA:110,0
DA:111,0
DA:113,0
DA:114,0
DA:115,0
DA:116,0
DA:119,0
DA:122,0
DA:123,0
DA:124,0
DA:125,0
DA:126,0
DA:127,0
DA:128,0
DA:130,0
DA:133,0
DA:136,0
DA:137,0
DA:138,0
DA:139,0
DA:140,0
DA:142,0
DA:143,0
DA:146,0
DA:149,0
DA:150,0
DA:152,0
DA:153,0
DA:154,0
DA:156,0
DA:157,0
DA:158,0
DA:159,0
DA:160,0
DA:161,0
DA:162,0
DA:167,0
DA:168,0
DA:169,0
DA:170,0
DA:171,0
DA:173,0
DA:174,0
DA:175,0
DA:176,0
DA:178,0
DA:179,0
DA:180,0
DA:182,0
DA:183,0
DA:184,0
DA:185,0
DA:186,0
DA:187,0
DA:191,0
DA:192,0
DA:193,0
DA:194,0
DA:195,0
DA:196,0
DA:197,0
DA:204,1
DA:205,1
DA:206,4
DA:207,4
DA:208,4
DA:209,4
DA:212,2
DA:213,2
DA:214,1
DA:215,1
DA:216,1
DA:217,1
DA:219,1
DA:220,1
DA:221,1
DA:222,1
DA:223,1
DA:224,1
DA:225,1
DA:226,1
DA:228,1
DA:231,4
DA:232,8
DA:233,8
DA:234,4
DA:235,4
DA:236,4
DA:237,4
DA:241,4
DA:242,1
DA:243,1
DA:244,0
DA:245,0
DA:247,1
DA:248,1
DA:249,0
DA:250,0
DA:252,1
DA:253,1
DA:254,1
DA:256,1
DA:257,1
DA:258,1
DA:261,4
DA:262,1
DA:263,1
DA:264,1
DA:268,4
LF:149
LH:45
BRDA:3,0,0,0
BRDA:3,0,1,0
BRDA:27,1,0,0
BRDA:27,1,1,0
BRDA:28,2,0,0
BRDA:28,2,1,0
BRDA:30,3,0,0
BRDA:30,3,1,0
BRDA:31,4,0,0
BRDA:31,4,1,0
BRDA:33,5,0,0
BRDA:33,5,1,0
BRDA:34,6,0,0
BRDA:34,6,1,0
BRDA:68,7,0,0
BRDA:68,7,1,0
BRDA:71,8,0,0
BRDA:71,8,1,0
BRDA:90,9,0,0
BRDA:90,9,1,0
BRDA:111,10,0,0
BRDA:111,10,1,0
BRDA:119,11,0,0
BRDA:119,11,1,0
BRDA:122,12,0,0
BRDA:122,12,1,0
BRDA:126,13,0,0
BRDA:126,13,1,0
BRDA:137,14,0,0
BRDA:137,14,1,0
BRDA:138,15,0,0
BRDA:138,15,1,0
BRDA:139,16,0,0
BRDA:139,16,1,0
BRDA:140,17,0,0
BRDA:140,17,1,0
BRDA:140,18,0,0
BRDA:140,18,1,0
BRDA:142,19,0,0
BRDA:142,19,1,0
BRDA:158,20,0,0
BRDA:158,20,1,0
BRDA:160,21,0,0
BRDA:160,21,1,0
BRDA:169,22,0,0
BRDA:169,22,1,0
BRDA:173,23,0,0
BRDA:173,23,1,0
BRDA:174,24,0,0
BRDA:174,24,1,0
BRDA:178,25,0,0
BRDA:178,25,1,0
BRDA:185,26,0,0
BRDA:185,26,1,0
BRDA:195,27,0,0
BRDA:195,27,1,0
BRDA:204,28,0,1
BRDA:204,28,1,0
BRDA:204,29,0,1
BRDA:204,29,1,1
BRDA:205,30,0,0
BRDA:212,31,0,0
BRDA:212,31,1,2
BRDA:213,32,0,1
BRDA:213,32,1,1
BRDA:221,33,0,1
BRDA:221,33,1,0
BRDA:222,34,0,0
BRDA:222,34,1,1
BRDA:223,35,0,0
BRDA:223,35,1,1
BRDA:224,36,0,0
BRDA:224,36,1,1
BRDA:224,37,0,0
BRDA:224,37,1,0
BRDA:225,38,0,1
BRDA:225,38,1,0
BRDA:243,39,0,0
BRDA:243,39,1,1
BRDA:247,40,0,1
BRDA:247,40,1,0
BRDA:248,41,0,0
BRDA:248,41,1,1
BRDA:252,42,0,1
BRDA:252,42,1,0
BRF:85
BRH:15
end_of_record
