TN:
SF:login.js
FN:11,(anonymous_0)
FN:14,(anonymous_1)
FN:18,(anonymous_2)
FN:29,(anonymous_3)
FN:60,(anonymous_4)
FN:62,(anonymous_5)
FN:74,(anonymous_6)
FN:92,(anonymous_7)
FN:128,(anonymous_8)
FN:130,(anonymous_9)
FNF:10
FNH:5
FNDA:2,(anonymous_0)
FNDA:1,(anonymous_1)
FNDA:48,(anonymous_2)
FNDA:3,(anonymous_3)
FNDA:0,(anonymous_4)
FNDA:0,(anonymous_5)
FNDA:0,(anonymous_6)
FNDA:2,(anonymous_7)
FNDA:0,(anonymous_8)
FNDA:0,(anonymous_9)
DA:1,9
DA:2,9
DA:3,9
DA:4,9
DA:5,9
DA:6,9
DA:9,9
DA:11,9
DA:12,2
DA:14,9
DA:15,1
DA:18,9
DA:19,48
DA:20,1
DA:21,1
DA:23,48
DA:24,0
DA:25,0
DA:29,9
DA:30,3
DA:31,3
DA:33,3
DA:34,3
DA:35,3
DA:37,3
DA:38,1
DA:39,1
DA:40,1
DA:43,2
DA:45,2
DA:46,2
DA:47,2
DA:49,2
DA:57,1
DA:58,1
DA:59,1
DA:60,1
DA:61,0
DA:62,0
DA:63,0
DA:66,1
DA:68,0
DA:69,0
DA:71,0
DA:72,0
DA:74,0
DA:75,0
DA:76,0
DA:77,0
DA:81,1
DA:82,1
DA:83,1
DA:86,1
DA:87,1
DA:88,1
DA:92,9
DA:93,2
DA:94,2
DA:96,2
DA:97,2
DA:98,2
DA:100,2
DA:101,1
DA:102,1
DA:103,1
DA:106,1
DA:107,0
DA:108,0
DA:109,0
DA:112,1
DA:113,1
DA:114,1
DA:115,1
DA:117,1
DA:125,1
DA:126,1
DA:127,1
DA:128,1
DA:129,0
DA:130,0
DA:131,0
DA:134,1
DA:135,1
DA:136,1
DA:139,1
DA:140,1
DA:141,1
DA:142,1
DA:145,0
DA:146,0
DA:147,0
DA:150,0
DA:151,0
DA:152,0
LF:94
LH:69
BRDA:9,0,0,9
BRDA:9,0,1,9
BRDA:9,0,2,9
BRDA:19,1,0,1
BRDA:19,1,1,47
BRDA:23,2,0,0
BRDA:23,2,1,48
BRDA:37,3,0,1
BRDA:37,3,1,2
BRDA:37,4,0,3
BRDA:37,4,1,2
BRDA:59,5,0,1
BRDA:59,5,1,0
BRDA:61,6,0,0
BRDA:61,6,1,0
BRDA:63,7,0,0
BRDA:63,7,1,0
BRDA:66,8,0,0
BRDA:66,8,1,1
BRDA:66,9,0,1
BRDA:66,9,1,0
BRDA:66,9,2,0
BRDA:81,10,0,1
BRDA:81,10,1,1
BRDA:81,10,2,0
BRDA:81,10,3,0
BRDA:81,10,4,0
BRDA:87,11,0,1
BRDA:87,11,1,0
BRDA:100,12,0,1
BRDA:100,12,1,1
BRDA:100,13,0,2
BRDA:100,13,1,1
BRDA:106,14,0,0
BRDA:106,14,1,1
BRDA:127,15,0,1
BRDA:127,15,1,0
BRDA:129,16,0,0
BRDA:129,16,1,0
BRDA:131,17,0,0
BRDA:131,17,1,0
BRDA:134,18,0,1
BRDA:134,18,1,0
BRDA:145,19,0,0
BRDA:145,19,1,0
BRDA:145,19,2,0
BRDA:145,19,3,0
BRDA:145,19,4,0
BRDA:151,20,0,0
BRDA:151,20,1,0
BRF:50
BRH:23
end_of_record
TN:
SF:preferences.js
FN:5,(anonymous_0)
FN:17,loadUserInfo
FN:23,loadSecurityStatus
FN:55,setupEventListeners
FN:65,rotateClipboardKey
FN:87,rotateJWTSecret
FN:108,initHotkeyManagement
FN:121,handleKeydown
FN:152,(anonymous_8)
FN:155,(anonymous_9)
FN:169,(anonymous_10)
FN:193,(anonymous_11)
FN:207,(anonymous_12)
FN:213,handleKeydown
FN:233,(anonymous_14)
FN:235,(anonymous_15)
FN:243,(anonymous_16)
FN:263,(anonymous_17)
FNF:18
FNH:6
FNDA:0,(anonymous_0)
FNDA:0,loadUserInfo
FNDA:0,loadSecurityStatus
FNDA:0,setupEventListeners
FNDA:0,rotateClipboardKey
FNDA:0,rotateJWTSecret
FNDA:0,initHotkeyManagement
FNDA:0,handleKeydown
FNDA:0,(anonymous_8)
FNDA:0,(anonymous_9)
FNDA:0,(anonymous_10)
FNDA:0,(anonymous_11)
FNDA:7,(anonymous_12)
FNDA:4,handleKeydown
FNDA:14,(anonymous_14)
FNDA:6,(anonymous_15)
FNDA:3,(anonymous_16)
FNDA:1,(anonymous_17)
DA:2,1
DA:5,1
DA:6,0
DA:7,0
DA:8,0
DA:11,0
DA:12,0
DA:13,0
DA:18,0
DA:19,0
DA:24,0
DA:26,0
DA:27,0
DA:29,0
DA:45,0
DA:46,0
DA:57,0
DA:58,0
DA:61,0
DA:66,0
DA:71,0
DA:73,0
DA:74,0
DA:76,0
DA:77,0
DA:78,0
DA:79,0
DA:81,0
DA:82,0
DA:88,0
DA:93,0
DA:95,0
DA:96,0
DA:97,0
DA:100,0
DA:102,0
DA:103,0
DA:109,0
DA:110,0
DA:111,0
DA:112,0
DA:113,0
DA:114,0
DA:116,0
DA:117,0
DA:118,0
DA:119,0
DA:122,0
DA:125,0
DA:126,0
DA:127,0
DA:128,0
DA:129,0
DA:130,0
DA:131,0
DA:133,0
DA:136,0
DA:139,0
DA:140,0
DA:141,0
DA:142,0
DA:143,0
DA:145,0
DA:146,0
DA:149,0
DA:152,0
DA:153,0
DA:155,0
DA:156,0
DA:157,0
DA:159,0
DA:160,0
DA:161,0
DA:162,0
DA:163,0
DA:164,0
DA:169,0
DA:170,0
DA:171,0
DA:172,0
DA:173,0
DA:175,0
DA:176,0
DA:177,0
DA:178,0
DA:180,0
DA:181,0
DA:182,0
DA:184,0
DA:185,0
DA:186,0
DA:187,0
DA:188,0
DA:189,0
DA:193,0
DA:194,0
DA:195,0
DA:196,0
DA:197,0
DA:198,0
DA:199,0
DA:206,1
DA:207,1
DA:208,7
DA:209,7
DA:210,7
DA:211,7
DA:214,4
DA:215,3
DA:216,1
DA:217,1
DA:218,1
DA:219,1
DA:221,2
DA:222,2
DA:223,2
DA:224,2
DA:225,2
DA:226,2
DA:227,2
DA:228,2
DA:230,2
DA:233,7
DA:234,14
DA:235,14
DA:236,6
DA:237,6
DA:238,6
DA:239,6
DA:243,7
DA:244,3
DA:245,3
DA:246,1
DA:247,1
DA:249,2
DA:250,2
DA:251,1
DA:252,1
DA:254,1
DA:255,1
DA:256,1
DA:258,1
DA:259,1
DA:260,1
DA:263,7
DA:264,1
DA:265,1
DA:266,1
DA:270,7
LF:149
LH:50
BRDA:6,0,0,0
BRDA:6,0,1,0
BRDA:30,1,0,0
BRDA:30,1,1,0
BRDA:31,2,0,0
BRDA:31,2,1,0
BRDA:33,3,0,0
BRDA:33,3,1,0
BRDA:34,4,0,0
BRDA:34,4,1,0
BRDA:36,5,0,0
BRDA:36,5,1,0
BRDA:37,6,0,0
BRDA:37,6,1,0
BRDA:71,7,0,0
BRDA:71,7,1,0
BRDA:74,8,0,0
BRDA:74,8,1,0
BRDA:93,9,0,0
BRDA:93,9,1,0
BRDA:114,10,0,0
BRDA:114,10,1,0
BRDA:122,11,0,0
BRDA:122,11,1,0
BRDA:125,12,0,0
BRDA:125,12,1,0
BRDA:129,13,0,0
BRDA:129,13,1,0
BRDA:140,14,0,0
BRDA:140,14,1,0
BRDA:141,15,0,0
BRDA:141,15,1,0
BRDA:142,16,0,0
BRDA:142,16,1,0
BRDA:143,17,0,0
BRDA:143,17,1,0
BRDA:143,18,0,0
BRDA:143,18,1,0
BRDA:145,19,0,0
BRDA:145,19,1,0
BRDA:160,20,0,0
BRDA:160,20,1,0
BRDA:162,21,0,0
BRDA:162,21,1,0
BRDA:171,22,0,0
BRDA:171,22,1,0
BRDA:175,23,0,0
BRDA:175,23,1,0
BRDA:176,24,0,0
BRDA:176,24,1,0
BRDA:180,25,0,0
BRDA:180,25,1,0
BRDA:187,26,0,0
BRDA:187,26,1,0
BRDA:197,27,0,0
BRDA:197,27,1,0
BRDA:206,28,0,1
BRDA:206,28,1,0
BRDA:206,29,0,1
BRDA:206,29,1,1
BRDA:207,30,0,0
BRDA:214,31,0,1
BRDA:214,31,1,3
BRDA:215,32,0,1
BRDA:215,32,1,2
BRDA:223,33,0,2
BRDA:223,33,1,0
BRDA:224,34,0,0
BRDA:224,34,1,2
BRDA:225,35,0,0
BRDA:225,35,1,2
BRDA:226,36,0,0
BRDA:226,36,1,2
BRDA:226,37,0,0
BRDA:226,37,1,0
BRDA:227,38,0,2
BRDA:227,38,1,0
BRDA:245,39,0,1
BRDA:245,39,1,2
BRDA:249,40,0,2
BRDA:249,40,1,0
BRDA:250,41,0,1
BRDA:250,41,1,1
BRDA:254,42,0,1
BRDA:254,42,1,0
BRF:85
BRH:18
end_of_record
